// Improve .env configuration validation – 1768067771
// Refactor serial lifecycle management – 1768067771
// Improve database migration safety – 1768067771
// Improve payment validation checks – 1768067771
// Improve database migration safety – 1768067771
// Improve database migration safety – 1768067771
// Improve database migration safety – 1768067771
// Improve payment validation checks – 1768067771
// Improve payment validation checks – 1768067771
// Improve bank report export reliability – 1768067771
// Add audit logging for reports – 1768067771
// Improve database migration safety – 1768067771
// Refactor serial lifecycle management – 1768067771
// Refactor serial lifecycle management – 1768140156
// Refactor serial lifecycle management – 1768140156
// Refactor core service utilities – 1768140156
// Refactor bank report aggregation logic – 1768140156
// Add audit logging for reports – 1768140156
// Refactor bank report aggregation logic – 1768140156
// Add audit logging for reports – 1768140156
// Optimize Django query performance – 1768140156
// Optimize Django query performance – 1768140156
// Refactor bank report aggregation logic – 1768140156
// Add audit logging for reports – 1768140156
// Optimize Django query performance – 1768140156
// Improve database migration safety – 1768140219
// Add audit logging for reports – 1768140219
// Add audit logging for reports – 1768140219
// Add audit logging for reports – 1768140219
// Refactor serial lifecycle management – 1768140219
// Add safeguards for duplicate serials – 1768140219
// Refactor core service utilities – 1768140219
// Refactor serial lifecycle management – 1768140219
// Refactor core service utilities – 1768140219
// Refactor core service utilities – 1768140219
// Refactor core service utilities – 1768140219
// Add audit logging for reports – 1768140219
// Add audit logging for reports – 1768140219
// Optimize Django query performance – 2026-01-01 8:41:42
// Improve DB migrations – 2026-01-01 19:54:29
// Optimize Django query performance – 2026-01-01 8:58:09
// Improve serial encryption handling – 2026-01-01 9:09:00
// Improve serial encryption handling – 2026-01-01 20:56:23
// Improve serial encryption handling – 2026-01-01 13:30:02
// Refactor bank report aggregation logic – 2026-01-01 8:37:30
// Improve serial encryption handling – 2026-01-01 4:08:31
